<?xml version="1.0" encoding="UTF-8"?>
<testsuite xmlns:xsi="http://www.w3.org/2001/XMLSchema-instance" xsi:noNamespaceSchemaLocation="https://maven.apache.org/surefire/maven-surefire-plugin/xsd/surefire-test-report.xsd" name="com.wzh.suyuan.backend.AuthControllerTest" time="7.239" tests="2" errors="0" skipped="0" failures="0">
  <properties>
[...]
</properties>
  <testcase name="invalidTokenShouldReturnUnauthorized" classname="com.wzh.suyuan.backend.AuthControllerTest" time="0.237"/>
  <testcase name="registerLoginAndMeFlow" classname="com.wzh.suyuan.backend.AuthControllerTest" time="0.493"/>
</testsuite>